Copyright 1986-2022 Xilinx, Inc. All Rights Reserved. Copyright 2022-2023 Advanced Micro Devices, Inc. All Rights Reserved.
---------------------------------------------------------------------------------------------------------------------------------------------
| Tool Version : Vivado v.2023.1 (win64) Build 3865809 Sun May  7 15:05:29 MDT 2023
| Date         : Fri Nov 10 13:45:23 2023
| Host         : Chenxuan-RazerBlade running 64-bit major release  (build 9200)
| Command      : report_control_sets -verbose -file CPU_RISCV_control_sets_placed.rpt
| Design       : CPU_RISCV
| Device       : xc7a100t
---------------------------------------------------------------------------------------------------------------------------------------------

Control Set Information

Table of Contents
-----------------
1. Summary
2. Histogram
3. Flip-Flop Distribution
4. Detailed Control Set Information

1. Summary
----------

+----------------------------------------------------------+-------+
|                          Status                          | Count |
+----------------------------------------------------------+-------+
| Total control sets                                       |    31 |
|    Minimum number of control sets                        |    31 |
|    Addition due to synthesis replication                 |     0 |
|    Addition due to physical synthesis replication        |     0 |
| Unused register locations in slices containing registers |    82 |
+----------------------------------------------------------+-------+
* Control sets can be merged at opt_design using control_set_merge or merge_equivalent_drivers
** Run report_qor_suggestions for automated merging and remapping suggestions


2. Histogram
------------

+--------------------+-------+
|       Fanout       | Count |
+--------------------+-------+
| Total control sets |    31 |
| >= 0 to < 4        |     6 |
| >= 4 to < 6        |     1 |
| >= 6 to < 8        |     1 |
| >= 8 to < 10       |     0 |
| >= 10 to < 12      |     1 |
| >= 12 to < 14      |     3 |
| >= 14 to < 16      |     0 |
| >= 16              |    19 |
+--------------------+-------+
* Control sets can be remapped at either synth_design or opt_design


3. Flip-Flop Distribution
-------------------------

+--------------+-----------------------+------------------------+-----------------+--------------+
| Clock Enable | Synchronous Set/Reset | Asynchronous Set/Reset | Total Registers | Total Slices |
+--------------+-----------------------+------------------------+-----------------+--------------+
| No           | No                    | No                     |              26 |           14 |
| No           | No                    | Yes                    |               5 |            5 |
| No           | Yes                   | No                     |             113 |           32 |
| Yes          | No                    | No                     |              46 |           28 |
| Yes          | No                    | Yes                    |               0 |            0 |
| Yes          | Yes                   | No                     |              64 |           33 |
+--------------+-----------------------+------------------------+-----------------+--------------+


4. Detailed Control Set Information
-----------------------------------

+------------------------+-------------------------------+--------------------------------+------------------+----------------+--------------+
|      Clock Signal      |         Enable Signal         |        Set/Reset Signal        | Slice Load Count | Bel Load Count | Bels / Slice |
+------------------------+-------------------------------+--------------------------------+------------------+----------------+--------------+
|  CENTER_IBUF_BUFG      |                               | Interrupter3/D2/Interrupt3     |                1 |              1 |         1.00 |
|  LEFT_IBUF_BUFG        |                               | Interrupter2/D2/q_reg_0        |                1 |              1 |         1.00 |
|  DOWN_IBUF_BUFG        |                               | Interrupter5/D2/q_reg_0        |                1 |              1 |         1.00 |
|  RIGHT_IBUF_BUFG       |                               | Interrupter4/D2/Interrupt4     |                1 |              1 |         1.00 |
|  UP_IBUF_BUFG          |                               | Interrupter1/D2/Interrupt1     |                1 |              1 |         1.00 |
|  FPGADigit/div/clk     |                               |                                |                1 |              3 |         3.00 |
|  CLK_IBUF_BUFG         |                               |                                |                3 |              5 |         1.67 |
|  CLK_N_BUFG            |                               |                                |                3 |              6 |         2.00 |
|  clk_wiz/inst/clk_out1 | vga_display/p_0_in            |                                |                6 |             11 |         1.83 |
|  clk_wiz/inst/clk_out1 |                               |                                |                7 |             12 |         1.71 |
|  clk_wiz/inst/clk_out1 |                               | vga_display/p_0_in             |                5 |             12 |         2.40 |
|  CLK_IBUF_BUFG         |                               | FPGADigit/div/clear            |                4 |             13 |         3.25 |
|  CLK_IBUF_BUFG         |                               | divider4/counter[0]_i_1__3_n_0 |                5 |             19 |         3.80 |
|  CLK_IBUF_BUFG         |                               | divider3/counter[0]_i_1__2_n_0 |                5 |             20 |         4.00 |
|  CLK_IBUF_BUFG         |                               | divider2/counter[0]_i_1__1_n_0 |                6 |             23 |         3.83 |
|  CLK_IBUF_BUFG         |                               | divider1/clear                 |                7 |             26 |         3.71 |
|  CLK_N_BUFG            | PC/RAM_reg_0_31_0_0_i_2_1     |                                |               11 |             32 |         2.91 |
|  CLK_N_BUFG            | PC/RAM_reg_0_127_7_7_i_2_0    |                                |               11 |             32 |         2.91 |
|  CLK_N_BUFG            | PC/RAM_reg_0_127_7_7_i_1_13   |                                |               23 |             32 |         1.39 |
|  CLK_N_BUFG            | PC/RAM_reg_0_31_0_0_i_2_0     |                                |               11 |             32 |         2.91 |
|  CLK_N_BUFG            | Regfile/E[0]                  | RST_IBUF                       |               19 |             32 |         1.68 |
|  CLK_N_BUFG            | Regfile/halt_OBUF_inst_i_6[0] | RST_IBUF                       |               14 |             32 |         2.29 |
|  CLK_N_BUFG            | Interrupter5/D2/InterrEN      |                                |               22 |             35 |         1.59 |
|  CLK_N_BUFG            | Regfile/p_0_in__0             |                                |               11 |             88 |         8.00 |
|  CLK_N_BUFG            | PC/RAM_reg_384_511_0_0_i_2_0  |                                |               32 |            128 |         4.00 |
|  CLK_N_BUFG            | PC/RAM_reg_0_127_0_0_i_19_0   |                                |               32 |            128 |         4.00 |
|  CLK_N_BUFG            | PC/RAM_reg_0_127_0_0_i_19_1   |                                |               32 |            128 |         4.00 |
|  CLK_N_BUFG            | PC/RAM_reg_0_127_0_0_i_19_2   |                                |               32 |            128 |         4.00 |
|  CLK_N_BUFG            | PC/RAM_reg_0_127_0_0_i_19_3   |                                |               32 |            128 |         4.00 |
|  CLK_N_BUFG            | PC/RAM_reg_0_127_0_0_i_19_4   |                                |               32 |            128 |         4.00 |
|  CLK_N_BUFG            | PC/RAM_reg_0_127_0_0_i_19_5   |                                |               32 |            128 |         4.00 |
+------------------------+-------------------------------+--------------------------------+------------------+----------------+--------------+


